生成启动时间为 2020/7/7 10:38:06。
     1>项目“E:\mypro\CCTools\ToolsFrame\frameworks\cocos2d-x\cocos\2d\libcocos2d.vcxproj”在节点 2 上(Build 个目标)。
     1>PreLinkEvent:
         if not exist "E:\mypro\CCTools\ToolsFrame\frameworks\runtime-src\proj.win32\Debug.win32\" mkdir "E:\mypro\CCTools\ToolsFrame\frameworks\runtime-src\proj.win32\Debug.win32\"
         xcopy /Y /Q "E:\mypro\CCTools\ToolsFrame\frameworks\cocos2d-x\cocos\2d\..\..\external\freetype2\prebuilt\win32\*.*" "E:\mypro\CCTools\ToolsFrame\frameworks\runtime-src\proj.win32\Debug.win32\"
         xcopy /Y /Q "E:\mypro\CCTools\ToolsFrame\frameworks\cocos2d-x\cocos\2d\..\..\external\glfw3\prebuilt\win32\*.*" "E:\mypro\CCTools\ToolsFrame\frameworks\runtime-src\proj.win32\Debug.win32\"
         xcopy /Y /Q "E:\mypro\CCTools\ToolsFrame\frameworks\cocos2d-x\cocos\2d\..\..\external\curl\prebuilt\win32\*.*" "E:\mypro\CCTools\ToolsFrame\frameworks\runtime-src\proj.win32\Debug.win32\"
         xcopy /Y /Q "E:\mypro\CCTools\ToolsFrame\frameworks\cocos2d-x\cocos\2d\..\..\external\jpeg\prebuilt\win32\*.*" "E:\mypro\CCTools\ToolsFrame\frameworks\runtime-src\proj.win32\Debug.win32\"
         xcopy /Y /Q "E:\mypro\CCTools\ToolsFrame\frameworks\cocos2d-x\cocos\2d\..\..\external\png\prebuilt\win32\*.*" "E:\mypro\CCTools\ToolsFrame\frameworks\runtime-src\proj.win32\Debug.win32\"
         xcopy /Y /Q "E:\mypro\CCTools\ToolsFrame\frameworks\cocos2d-x\cocos\2d\..\..\external\tiff\prebuilt\win32\*.*" "E:\mypro\CCTools\ToolsFrame\frameworks\runtime-src\proj.win32\Debug.win32\"
         xcopy /Y /Q "E:\mypro\CCTools\ToolsFrame\frameworks\cocos2d-x\cocos\2d\..\..\external\webp\prebuilt\win32\*.*" "E:\mypro\CCTools\ToolsFrame\frameworks\runtime-src\proj.win32\Debug.win32\"
         xcopy /Y /Q "E:\mypro\CCTools\ToolsFrame\frameworks\cocos2d-x\cocos\2d\..\..\external\websockets\prebuilt\win32\*.*" "E:\mypro\CCTools\ToolsFrame\frameworks\runtime-src\proj.win32\Debug.win32\"
         xcopy /Y /Q "E:\mypro\CCTools\ToolsFrame\frameworks\cocos2d-x\cocos\2d\..\..\external\win32-specific\zlib\prebuilt\*.*" "E:\mypro\CCTools\ToolsFrame\frameworks\runtime-src\proj.win32\Debug.win32\"
         xcopy /Y /Q "E:\mypro\CCTools\ToolsFrame\frameworks\cocos2d-x\cocos\2d\..\..\external\win32-specific\icon\prebuilt\*.*" "E:\mypro\CCTools\ToolsFrame\frameworks\runtime-src\proj.win32\Debug.win32\"
         xcopy /Y /Q "E:\mypro\CCTools\ToolsFrame\frameworks\cocos2d-x\cocos\2d\..\..\external\win32-specific\gles\prebuilt\*.*" "E:\mypro\CCTools\ToolsFrame\frameworks\runtime-src\proj.win32\Debug.win32\"
         xcopy /Y /Q "E:\mypro\CCTools\ToolsFrame\frameworks\cocos2d-x\cocos\2d\..\..\external\win32-specific\OpenalSoft\prebuilt\*.*" "E:\mypro\CCTools\ToolsFrame\frameworks\runtime-src\proj.win32\Debug.win32\"
         xcopy /Y /Q "E:\mypro\CCTools\ToolsFrame\frameworks\cocos2d-x\cocos\2d\..\..\external\win32-specific\MP3Decoder\prebuilt\*.*" "E:\mypro\CCTools\ToolsFrame\frameworks\runtime-src\proj.win32\Debug.win32\"
         xcopy /Y /Q "E:\mypro\CCTools\ToolsFrame\frameworks\cocos2d-x\cocos\2d\..\..\external\win32-specific\OggDecoder\prebuilt\*.*" "E:\mypro\CCTools\ToolsFrame\frameworks\runtime-src\proj.win32\Debug.win32\"
         xcopy /Y /Q "E:\mypro\CCTools\ToolsFrame\frameworks\cocos2d-x\cocos\2d\..\..\external\sqlite3\libraries\win32\*.*" "E:\mypro\CCTools\ToolsFrame\frameworks\runtime-src\proj.win32\Debug.win32\"
         xcopy /Y /Q "E:\mypro\CCTools\ToolsFrame\frameworks\cocos2d-x\cocos\2d\..\..\external\chipmunk\prebuilt\win32\debug-lib\*.*" "E:\mypro\CCTools\ToolsFrame\frameworks\runtime-src\proj.win32\Debug.win32\"
         :VCEnd
         复制了 1 个文件
         复制了 2 个文件
         复制了 4 个文件
         复制了 2 个文件
         复制了 2 个文件
         复制了 3 个文件
         复制了 1 个文件
         复制了 2 个文件
         复制了 2 个文件
         复制了 2 个文件
         复制了 2 个文件
         复制了 2 个文件
         复制了 2 个文件
         复制了 6 个文件
         复制了 2 个文件
         复制了 2 个文件
       Link:
         libcocos2d.vcxproj -> E:\mypro\CCTools\ToolsFrame\frameworks\runtime-src\proj.win32\Debug.win32\libcocos2d.dll
     1>已完成生成项目“E:\mypro\CCTools\ToolsFrame\frameworks\cocos2d-x\cocos\2d\libcocos2d.vcxproj”(Build 个目标)的操作。

生成成功。

已用时间 00:00:00.83
